<?xml version="1.0" encoding="UTF-8"?>
<testng-results skipped="0" failed="0" ignored="0" total="1" passed="1">
  <reporter-output>
  </reporter-output>
  <suite name="Default suite" duration-ms="8945" started-at="2020-07-14T17:56:08 IST" finished-at="2020-07-14T17:56:17 IST">
    <groups>
    </groups>
    <test name="Default test" duration-ms="8945" started-at="2020-07-14T17:56:08 IST" finished-at="2020-07-14T17:56:17 IST">
      <class name="Framework.SeleniumFramework.Homepage">
        <test-method status="PASS" signature="BasePageNavigation()[pri:0, instance:Framework.SeleniumFramework.Homepage@7c729a55]" name="BasePageNavigation" duration-ms="8886" started-at="2020-07-14T17:56:09 IST" finished-at="2020-07-14T17:56:17 IST">
          <reporter-output>
          </reporter-output>
        </test-method> <!-- BasePageNavigation -->
      </class> <!-- Framework.SeleniumFramework.Homepage -->
    </test> <!-- Default test -->
  </suite> <!-- Default suite -->
</testng-results>
